  main.c
C:\code\gameArch\vcEngine\src\wm.h(3,27): warning C4091: 'typedef ': ignored on left of 'wm_window_t' when no variable is declared
C:\code\gameArch\vcEngine\src\wm.h(5,12): error C2143: syntax error: missing '{' before '*'
C:\code\gameArch\vcEngine\src\wm.h(6,25): error C2143: syntax error: missing ')' before '*'
C:\code\gameArch\vcEngine\src\wm.h(6,25): error C2143: syntax error: missing '{' before '*'
C:\code\gameArch\vcEngine\src\wm.h(6,33): error C2059: syntax error: ')'
C:\code\gameArch\vcEngine\src\wm.h(7,28): error C2143: syntax error: missing ')' before '*'
C:\code\gameArch\vcEngine\src\wm.h(7,28): error C2143: syntax error: missing '{' before '*'
C:\code\gameArch\vcEngine\src\wm.h(7,36): error C2059: syntax error: ')'
C:\code\gameArch\vcEngine\src\main.c(7,13): error C2065: 'wm_window_t': undeclared identifier
C:\code\gameArch\vcEngine\src\main.c(7,13): error C2297: '*': not valid as right operand has type 'int *'
C:\code\gameArch\vcEngine\src\main.c(10,10): warning C4013: 'wm_pump' undefined; assuming extern returning int
C:\code\gameArch\vcEngine\src\main.c(15,2): warning C4013: 'wm_destroy' undefined; assuming extern returning int
  wm.c
C:\code\gameArch\vcEngine\src\wm.h(3,27): warning C4091: 'typedef ': ignored on left of 'wm_window_t' when no variable is declared
C:\code\gameArch\vcEngine\src\wm.h(5,12): error C2143: syntax error: missing '{' before '*'
C:\code\gameArch\vcEngine\src\wm.h(6,25): error C2143: syntax error: missing ')' before '*'
C:\code\gameArch\vcEngine\src\wm.h(6,25): error C2143: syntax error: missing '{' before '*'
C:\code\gameArch\vcEngine\src\wm.h(6,33): error C2059: syntax error: ')'
C:\code\gameArch\vcEngine\src\wm.h(7,28): error C2143: syntax error: missing ')' before '*'
C:\code\gameArch\vcEngine\src\wm.h(7,28): error C2143: syntax error: missing '{' before '*'
C:\code\gameArch\vcEngine\src\wm.h(7,36): error C2059: syntax error: ')'
C:\code\gameArch\vcEngine\src\wm.c(34,2): warning C4091: 'typedef ': ignored on left of 'wm_window_t' when no variable is declared
C:\code\gameArch\vcEngine\src\wm.c(51,14): error C2065: 'wm_window_t': undeclared identifier
C:\code\gameArch\vcEngine\src\wm.c(51,14): error C2146: syntax error: missing ';' before identifier 'win'
C:\code\gameArch\vcEngine\src\wm.c(51,18): error C2065: 'win': undeclared identifier
C:\code\gameArch\vcEngine\src\wm.c(51,32): error C2065: 'wm_window_t': undeclared identifier
C:\code\gameArch\vcEngine\src\wm.c(51,33): error C2059: syntax error: ')'
C:\code\gameArch\vcEngine\src\wm.c(60,17): error C2065: 's_key_mask': undeclared identifier
C:\code\gameArch\vcEngine\src\wm.c(71,17): error C2065: 's_key_mask': undeclared identifier
C:\code\gameArch\vcEngine\src\wm.c(78,17): error C2065: 's_mouse_mask': undeclared identifier
C:\code\gameArch\vcEngine\src\wm.c(82,17): error C2065: 's_mouse_mask': undeclared identifier
C:\code\gameArch\vcEngine\src\wm.c(87,17): error C2065: 's_mouse_mask': undeclared identifier
C:\code\gameArch\vcEngine\src\wm.c(90,17): error C2065: 's_mouse_mask': undeclared identifier
C:\code\gameArch\vcEngine\src\wm.c(93,17): error C2065: 's_mouse_mask': undeclared identifier
C:\code\gameArch\vcEngine\src\wm.c(96,17): error C2065: 's_mouse_mask': undeclared identifier
C:\code\gameArch\vcEngine\src\wm.c(100,11): error C2065: 'win': undeclared identifier
C:\code\gameArch\vcEngine\src\wm.c(100,12): error C2224: left of '.has_focus' must have struct/union type
C:\code\gameArch\vcEngine\src\wm.c(115,15): warning C4244: 'function': conversion from 'WPARAM' to 'BOOL', possible loss of data
C:\code\gameArch\vcEngine\src\wm.c(116,7): error C2065: 'win': undeclared identifier
C:\code\gameArch\vcEngine\src\wm.c(116,8): error C2224: left of '.has_focus' must have struct/union type
C:\code\gameArch\vcEngine\src\wm.c(119,7): error C2065: 'win': undeclared identifier
C:\code\gameArch\vcEngine\src\wm.c(119,8): error C2224: left of '.quit' must have struct/union type
C:\code\gameArch\vcEngine\src\wm.c(127,12): error C2143: syntax error: missing '{' before '*'
C:\code\gameArch\vcEngine\src\wm.c(158,13): error C2065: 'wm_window_t': undeclared identifier
C:\code\gameArch\vcEngine\src\wm.c(158,19): error C2065: 'win': undeclared identifier
C:\code\gameArch\vcEngine\src\wm.c(158,49): error C2065: 'wm_window_t': undeclared identifier
C:\code\gameArch\vcEngine\src\wm.c(158,31): warning C4020: 'malloc': too many actual parameters
C:\code\gameArch\vcEngine\src\wm.c(158,51): warning C4047: '=': 'int' differs in levels of indirection from 'void *'
C:\code\gameArch\vcEngine\src\wm.c(158,13): error C2106: '=': left operand must be l-value
C:\code\gameArch\vcEngine\src\wm.c(159,5): error C2065: 'win': undeclared identifier
C:\code\gameArch\vcEngine\src\wm.c(159,7): error C2223: left of '->has_focus' must point to struct/union
C:\code\gameArch\vcEngine\src\wm.c(160,5): error C2065: 'win': undeclared identifier
C:\code\gameArch\vcEngine\src\wm.c(162,2): error C2223: left of '->SetWindowLongPtrW' must point to struct/union
C:\code\gameArch\vcEngine\src\wm.c(162,54): error C2065: 'win': undeclared identifier
C:\code\gameArch\vcEngine\src\wm.c(164,12): error C2065: 'win': undeclared identifier
C:\code\gameArch\vcEngine\src\wm.c(164,12): warning C4047: 'return': 'int *' differs in levels of indirection from 'int'
C:\code\gameArch\vcEngine\src\wm.c(167,25): error C2143: syntax error: missing ')' before '*'
C:\code\gameArch\vcEngine\src\wm.c(167,25): error C2143: syntax error: missing '{' before '*'
C:\code\gameArch\vcEngine\src\wm.c(167,33): error C2059: syntax error: ')'
C:\code\gameArch\vcEngine\src\wm.c(168,1): error C2054: expected '(' to follow 'window'
C:\code\gameArch\vcEngine\src\wm.c(178,39): error C2143: syntax error: missing ')' before '*'
C:\code\gameArch\vcEngine\src\wm.c(178,39): error C2143: syntax error: missing '{' before '*'
C:\code\gameArch\vcEngine\src\wm.c(178,47): error C2059: syntax error: ')'
C:\code\gameArch\vcEngine\src\wm.c(179,1): error C2054: expected '(' to follow 'window'
C:\code\gameArch\vcEngine\src\wm.c(183,28): error C2143: syntax error: missing ')' before '*'
C:\code\gameArch\vcEngine\src\wm.c(183,28): error C2143: syntax error: missing '{' before '*'
C:\code\gameArch\vcEngine\src\wm.c(183,36): error C2059: syntax error: ')'
C:\code\gameArch\vcEngine\src\wm.c(184,1): error C2054: expected '(' to follow 'window'
  Generating Code...
